<?xml version="1.0" encoding="UTF-8"?>
<!-- Generated by org.testng.reporters.JUnitXMLReporter -->
<testsuite ignored="0" hostname="LAPTOP-VDR6OUKA" failures="2" tests="6" name="SaucelabTest" time="15.311" errors="0" timestamp="2024-02-23T08:35:04 COT">
  <testcase classname="saucelabtesting.ParabankSignInParametersSaucelab" name="loginPageValidation" time="0.115">
    <failure type="java.lang.NullPointerException" message="Cannot invoke &amp;quot;org.openqa.selenium.chrome.ChromeDriver.findElement(org.openqa.selenium.By)&amp;quot; because &amp;quot;saucelabtesting.ParabankRegistrationParametersSaucelab.driver&amp;quot; is null">
      <![CDATA[java.lang.NullPointerException: Cannot invoke "org.openqa.selenium.chrome.ChromeDriver.findElement(org.openqa.selenium.By)" because "saucelabtesting.ParabankRegistrationParametersSaucelab.driver" is null
at saucelabtesting.ParabankSignInParametersSaucelab.loginPageValidation(ParabankSignInParametersSaucelab.java:20)
at java.base/java.util.ArrayList.forEach(ArrayList.java:1596)
... Removed 25 stack frames]]>
    </failure>
  </testcase> <!-- loginPageValidation -->
  <testcase classname="saucelabtesting.ParabankSignInParametersSaucelab" name="loginUser" time="0.011">
    <failure type="java.lang.NullPointerException" message="Cannot invoke &amp;quot;org.openqa.selenium.chrome.ChromeDriver.findElement(org.openqa.selenium.By)&amp;quot; because &amp;quot;saucelabtesting.ParabankRegistrationParametersSaucelab.driver&amp;quot; is null">
      <![CDATA[java.lang.NullPointerException: Cannot invoke "org.openqa.selenium.chrome.ChromeDriver.findElement(org.openqa.selenium.By)" because "saucelabtesting.ParabankRegistrationParametersSaucelab.driver" is null
at saucelabtesting.ParabankSignInParametersSaucelab.loginUser(ParabankSignInParametersSaucelab.java:34)
at java.base/java.util.ArrayList.forEach(ArrayList.java:1596)
... Removed 25 stack frames]]>
    </failure>
  </testcase> <!-- loginUser -->
  <testcase classname="saucelabtesting.ParabankRegistrationParametersSaucelab" name="Registerbtntest" time="12.513"/>
  <testcase classname="saucelabtesting.ParabankRegistrationParametersSaucelab" name="registerUser" time="1.857"/>
  <testcase classname="saucelabtesting.ParabankRegistrationParametersSaucelab" name="registerUserValidation" time="0.095"/>
  <testcase classname="saucelabtesting.ParabankRegistrationParametersSaucelab" name="logout" time="0.482"/>
</testsuite> <!-- SaucelabTest -->
