<?xml version="1.0" encoding="UTF-8"?>
<!-- Generated by org.testng.reporters.JUnitXMLReporter -->
<testsuite ignored="0" hostname="LAPTOP-VDR6OUKA" failures="2" tests="2" name="LogTest" time="0.03" errors="0" timestamp="2024-02-25T21:22:49 COT">
  <testcase classname="saucelabtesting.ParabankSignInParametersSaucelab" name="loginPageValidation" time="0.006">
    <failure type="java.lang.NullPointerException" message="Cannot invoke &amp;quot;org.openqa.selenium.remote.RemoteWebDriver.findElement(org.openqa.selenium.By)&amp;quot; because &amp;quot;saucelabtesting.ParabankRegistrationParametersSaucelab.driver&amp;quot; is null">
      <![CDATA[java.lang.NullPointerException: Cannot invoke "org.openqa.selenium.remote.RemoteWebDriver.findElement(org.openqa.selenium.By)" because "saucelabtesting.ParabankRegistrationParametersSaucelab.driver" is null
at saucelabtesting.ParabankSignInParametersSaucelab.loginPageValidation(ParabankSignInParametersSaucelab.java:20)
at java.base/java.util.ArrayList.forEach(ArrayList.java:1596)
... Removed 25 stack frames]]>
    </failure>
  </testcase> <!-- loginPageValidation -->
  <testcase classname="saucelabtesting.ParabankSignInParametersSaucelab" name="loginUser" time="0.009">
    <failure type="java.lang.NullPointerException" message="Cannot invoke &amp;quot;org.openqa.selenium.remote.RemoteWebDriver.findElement(org.openqa.selenium.By)&amp;quot; because &amp;quot;saucelabtesting.ParabankRegistrationParametersSaucelab.driver&amp;quot; is null">
      <![CDATA[java.lang.NullPointerException: Cannot invoke "org.openqa.selenium.remote.RemoteWebDriver.findElement(org.openqa.selenium.By)" because "saucelabtesting.ParabankRegistrationParametersSaucelab.driver" is null
at saucelabtesting.ParabankSignInParametersSaucelab.loginUser(ParabankSignInParametersSaucelab.java:34)
at java.base/java.util.ArrayList.forEach(ArrayList.java:1596)
... Removed 25 stack frames]]>
    </failure>
  </testcase> <!-- loginUser -->
</testsuite> <!-- LogTest -->
