<?xml version="1.0" encoding="UTF-8"?>
<!-- Generated by org.testng.reporters.JUnitXMLReporter -->
<testsuite ignored="0" hostname="LAPTOP-VDR6OUKA" failures="4" tests="4" name="RegTest" time="0.43" errors="0" timestamp="2024-02-25T21:22:49 COT">
  <testcase classname="saucelabtesting.ParabankRegistrationParametersSaucelab" name="Registerbtntest" time="0.213">
    <failure type="java.util.ServiceConfigurationError" message="io.opentelemetry.sdk.autoconfigure.spi.traces.SdkTracerProviderConfigurer: org.openqa.selenium.remote.tracing.opentelemetry.SeleniumSpanExporter not a subtype">
      <![CDATA[java.util.ServiceConfigurationError: io.opentelemetry.sdk.autoconfigure.spi.traces.SdkTracerProviderConfigurer: org.openqa.selenium.remote.tracing.opentelemetry.SeleniumSpanExporter not a subtype
at java.base/java.util.ServiceLoader.fail(ServiceLoader.java:593)
at java.base/java.util.ServiceLoader$LazyClassPathLookupIterator.hasNextService(ServiceLoader.java:1244)
at java.base/java.util.ServiceLoader$LazyClassPathLookupIterator.hasNext(ServiceLoader.java:1273)
at java.base/java.util.ServiceLoader$2.hasNext(ServiceLoader.java:1309)
at java.base/java.util.ServiceLoader$3.hasNext(ServiceLoader.java:1393)
at io.opentelemetry.sdk.autoconfigure.internal.SpiHelper.load(SpiHelper.java:99)
at io.opentelemetry.sdk.autoconfigure.AutoConfiguredOpenTelemetrySdkBuilder.mergeSdkTracerProviderConfigurer(AutoConfiguredOpenTelemetrySdkBuilder.java:548)
at io.opentelemetry.sdk.autoconfigure.AutoConfiguredOpenTelemetrySdkBuilder.build(AutoConfiguredOpenTelemetrySdkBuilder.java:378)
at org.openqa.selenium.remote.tracing.opentelemetry.OpenTelemetryTracer.createTracer(OpenTelemetryTracer.java:85)
at org.openqa.selenium.remote.tracing.opentelemetry.OpenTelemetryTracer.getInstance(OpenTelemetryTracer.java:59)
at org.openqa.selenium.remote.RemoteWebDriver.createExecutor(RemoteWebDriver.java:185)
at org.openqa.selenium.remote.RemoteWebDriver.<init>(RemoteWebDriver.java:143)
at saucelabtesting.ParabankRegistrationParametersSaucelab.Registerbtntest(ParabankRegistrationParametersSaucelab.java:40)
at java.base/java.util.ArrayList.forEach(ArrayList.java:1596)
... Removed 25 stack frames]]>
    </failure>
  </testcase> <!-- Registerbtntest -->
  <testcase classname="saucelabtesting.ParabankRegistrationParametersSaucelab" name="registerUser" time="0.017">
    <failure type="java.lang.NullPointerException" message="Cannot invoke &amp;quot;org.openqa.selenium.remote.RemoteWebDriver.findElement(org.openqa.selenium.By)&amp;quot; because &amp;quot;saucelabtesting.ParabankRegistrationParametersSaucelab.driver&amp;quot; is null">
      <![CDATA[java.lang.NullPointerException: Cannot invoke "org.openqa.selenium.remote.RemoteWebDriver.findElement(org.openqa.selenium.By)" because "saucelabtesting.ParabankRegistrationParametersSaucelab.driver" is null
at saucelabtesting.ParabankRegistrationParametersSaucelab.registerUser(ParabankRegistrationParametersSaucelab.java:59)
at java.base/java.util.ArrayList.forEach(ArrayList.java:1596)
... Removed 25 stack frames]]>
    </failure>
  </testcase> <!-- registerUser -->
  <testcase classname="saucelabtesting.ParabankRegistrationParametersSaucelab" name="registerUserValidation" time="0.004">
    <failure type="java.lang.NullPointerException" message="Cannot invoke &amp;quot;org.openqa.selenium.remote.RemoteWebDriver.findElement(org.openqa.selenium.By)&amp;quot; because &amp;quot;saucelabtesting.ParabankRegistrationParametersSaucelab.driver&amp;quot; is null">
      <![CDATA[java.lang.NullPointerException: Cannot invoke "org.openqa.selenium.remote.RemoteWebDriver.findElement(org.openqa.selenium.By)" because "saucelabtesting.ParabankRegistrationParametersSaucelab.driver" is null
at saucelabtesting.ParabankRegistrationParametersSaucelab.registerUserValidation(ParabankRegistrationParametersSaucelab.java:79)
at java.base/java.util.ArrayList.forEach(ArrayList.java:1596)
... Removed 25 stack frames]]>
    </failure>
  </testcase> <!-- registerUserValidation -->
  <testcase classname="saucelabtesting.ParabankRegistrationParametersSaucelab" name="logout" time="0.005">
    <failure type="java.lang.NullPointerException" message="Cannot invoke &amp;quot;org.openqa.selenium.remote.RemoteWebDriver.findElement(org.openqa.selenium.By)&amp;quot; because &amp;quot;saucelabtesting.ParabankRegistrationParametersSaucelab.driver&amp;quot; is null">
      <![CDATA[java.lang.NullPointerException: Cannot invoke "org.openqa.selenium.remote.RemoteWebDriver.findElement(org.openqa.selenium.By)" because "saucelabtesting.ParabankRegistrationParametersSaucelab.driver" is null
at saucelabtesting.ParabankRegistrationParametersSaucelab.logout(ParabankRegistrationParametersSaucelab.java:95)
at java.base/java.util.ArrayList.forEach(ArrayList.java:1596)
... Removed 25 stack frames]]>
    </failure>
  </testcase> <!-- logout -->
</testsuite> <!-- RegTest -->
